2026-03-13 15:04:46,672 [INFO] __main__ ‚Äî ==================================================
2026-03-13 15:04:46,672 [INFO] __main__ ‚Äî CSV Data Processor Pipeline ‚Äî START
2026-03-13 15:04:46,672 [INFO] __main__ ‚Äî Input file : data/sample/customers.csv
2026-03-13 15:04:46,673 [INFO] __main__ ‚Äî Mode       : DRY RUN
2026-03-13 15:04:46,673 [INFO] __main__ ‚Äî ==================================================
2026-03-13 15:04:46,673 [INFO] src.cleaner ‚Äî Loaded 15 rows from data/sample/customers.csv
2026-03-13 15:04:46,677 [WARNING] src.cleaner ‚Äî Row 3 rejected ‚Äî Missing email
2026-03-13 15:04:46,677 [WARNING] src.cleaner ‚Äî Row 6 rejected ‚Äî Missing name
2026-03-13 15:04:46,677 [WARNING] src.cleaner ‚Äî Row 8 rejected ‚Äî Duplicate email: ravi@example.com
2026-03-13 15:04:46,677 [WARNING] src.cleaner ‚Äî Row 9 rejected ‚Äî Missing amount
2026-03-13 15:04:46,677 [WARNING] src.cleaner ‚Äî Row 11 rejected ‚Äî Invalid date format: 'invalid-date'
2026-03-13 15:04:46,677 [WARNING] src.cleaner ‚Äî Row 14 rejected ‚Äî Missing email
2026-03-13 15:04:46,677 [WARNING] src.cleaner ‚Äî Row 16 rejected ‚Äî Missing created_at
2026-03-13 15:04:46,678 [INFO] src.cleaner ‚Äî Cleaning complete: 8 valid, 7 rejected
2026-03-13 15:04:46,686 [INFO] src.db ‚Äî Schema ready: customers table
2026-03-13 15:04:46,693 [INFO] src.db ‚Äî Inserted 8 records, skipped 0
2026-03-13 15:04:46,694 [INFO] src.api_client ‚Äî [DRY RUN] POST /api/v1/customers ‚Üí {"externalId": "1", "customerName": "Ravi Sharma", "email": "ravi@example.com", "subscriptionPlan": "pro", "billingAmount": 999.0, "status": "active", "startDate": "2024-01-15"}
2026-03-13 15:04:46,705 [INFO] src.api_client ‚Äî [DRY RUN] POST /api/v1/customers ‚Üí {"externalId": "3", "customerName": "Mohit Verma", "email": "mohit@example.com", "subscriptionPlan": "pro", "billingAmount": 999.0, "status": "active", "startDate": "2024-03-05"}
2026-03-13 15:04:46,716 [INFO] src.api_client ‚Äî [DRY RUN] POST /api/v1/customers ‚Üí {"externalId": "4", "customerName": "Priya Gupta", "email": "priya@example.com", "subscriptionPlan": "enterprise", "billingAmount": 4999.0, "status": "active", "startDate": "2024-03-20"}
2026-03-13 15:04:46,727 [INFO] src.api_client ‚Äî [DRY RUN] POST /api/v1/customers ‚Üí {"externalId": "6", "customerName": "Deepak Rao", "email": "deepak@example.com", "subscriptionPlan": "pro", "billingAmount": 999.0, "status": "active", "startDate": "2024-04-15"}
2026-03-13 15:04:46,738 [INFO] src.api_client ‚Äî [DRY RUN] POST /api/v1/customers ‚Üí {"externalId": "9", "customerName": "Arjun Mehta", "email": "arjun@example.com", "subscriptionPlan": "enterprise", "billingAmount": 4999.0, "status": "active", "startDate": "2024-05-10"}
2026-03-13 15:04:46,749 [INFO] src.api_client ‚Äî [DRY RUN] POST /api/v1/customers ‚Üí {"externalId": "11", "customerName": "Suresh Kumar", "email": "suresh@example.com", "subscriptionPlan": "premium", "billingAmount": 1999.0, "status": "active", "startDate": "2024-06-01"}
2026-03-13 15:04:46,760 [INFO] src.api_client ‚Äî [DRY RUN] POST /api/v1/customers ‚Üí {"externalId": "12", "customerName": "Tina Malhotra", "email": "tina@example.com", "subscriptionPlan": "basic", "billingAmount": 499.0, "status": "active", "startDate": "2024-06-15"}
2026-03-13 15:04:46,771 [INFO] src.api_client ‚Äî [DRY RUN] POST /api/v1/customers ‚Üí {"externalId": "14", "customerName": "Pooja Iyer", "email": "pooja@example.com", "subscriptionPlan": "pro", "billingAmount": 999.0, "status": "active", "startDate": "2024-07-20"}
2026-03-13 15:04:46,785 [INFO] src.reporter ‚Äî Rejected rows saved ‚Üí output/rejected_rows.csv
2026-03-13 15:04:46,786 [INFO] __main__ ‚Äî Pipeline complete.
2026-03-13 20:59:35,136 [INFO] __main__ ó ==================================================
2026-03-13 20:59:35,137 [INFO] __main__ ó CSV Data Processor Pipeline ó START
2026-03-13 20:59:35,137 [INFO] __main__ ó Input file : data/sample/customers.csv
2026-03-13 20:59:35,138 [INFO] __main__ ó Mode       : DRY RUN
2026-03-13 20:59:35,138 [INFO] __main__ ó ==================================================
2026-03-13 20:59:35,139 [INFO] src.cleaner ó Loaded 15 rows from data/sample/customers.csv
2026-03-13 20:59:35,144 [WARNING] src.cleaner ó Row 3 rejected ó Missing email
2026-03-13 20:59:35,144 [WARNING] src.cleaner ó Row 6 rejected ó Missing name
2026-03-13 20:59:35,145 [WARNING] src.cleaner ó Row 8 rejected ó Duplicate email: ravi@example.com
2026-03-13 20:59:35,145 [WARNING] src.cleaner ó Row 9 rejected ó Missing amount
2026-03-13 20:59:35,145 [WARNING] src.cleaner ó Row 11 rejected ó Invalid date format: 'invalid-date'
2026-03-13 20:59:35,146 [WARNING] src.cleaner ó Row 14 rejected ó Missing email
2026-03-13 20:59:35,146 [WARNING] src.cleaner ó Row 16 rejected ó Missing created_at
2026-03-13 20:59:35,147 [INFO] src.cleaner ó Cleaning complete: 8 valid, 7 rejected
2026-03-13 20:59:35,162 [INFO] src.db ó Schema ready: customers table
2026-03-13 20:59:35,167 [INFO] src.db ó Inserted 8 records, skipped 0
2026-03-13 20:59:35,308 [INFO] __main__ ó Pipeline complete.
